# JRE version: OpenJDK Runtime Environment (8.0_242-b01) (build 1.8.0_242-release-1644-b01)
# Java VM: OpenJDK 64-Bit Server VM (25.242-b01 mixed mode windows-amd64 compressed oops)
Heap:
 PSYoungGen      total 291328K, used 217126K [0x00000000d5580000, 0x00000000ebb00000, 0x0000000100000000)
  eden space 259584K, 74% used [0x00000000d5580000,0x00000000e1229410,0x00000000e5300000)
  from space 31744K, 75% used [0x00000000e5300000,0x00000000e6a60578,0x00000000e7200000)
  to   space 34304K, 0% used [0x00000000e9980000,0x00000000e9980000,0x00000000ebb00000)
 ParOldGen       total 371712K, used 185024K [0x0000000080000000, 0x0000000096b00000, 0x00000000d5580000)
  object space 371712K, 49% used [0x0000000080000000,0x000000008b4b0308,0x0000000096b00000)
 Metaspace       used 98925K, capacity 104966K, committed 104984K, reserved 1140736K
  class space    used 13000K, capacity 14121K, committed 14128K, reserved 1048576K
GC Heap History (10 events):
Event: 42.253 GC heap before
{Heap before GC invocations=23 (full 4):
 PSYoungGen      total 213504K, used 191680K [0x00000000d5580000, 0x00000000e4680000, 0x0000000100000000)
  eden space 191488K, 100% used [0x00000000d5580000,0x00000000e1080000,0x00000000e1080000)
  from space 22016K, 0% used [0x00000000e3100000,0x00000000e3130000,0x00000000e4680000)
  to   space 27648K, 0% used [0x00000000e1080000,0x00000000e1080000,0x00000000e2b80000)
 ParOldGen       total 371712K, used 163085K [0x0000000080000000, 0x0000000096b00000, 0x00000000d5580000)
  object space 371712K, 43% used [0x0000000080000000,0x0000000089f43418,0x0000000096b00000)
 Metaspace       used 73087K, capacity 76408K, committed 76568K, reserved 1116160K
  class space    used 9849K, capacity 10479K, committed 10544K, reserved 1048576K
Event: 42.270 GC heap after
Heap after GC invocations=23 (full 4):
 PSYoungGen      total 219136K, used 13352K [0x00000000d5580000, 0x00000000e6780000, 0x0000000100000000)
  eden space 191488K, 0% used [0x00000000d5580000,0x00000000d5580000,0x00000000e1080000)
  from space 27648K, 48% used [0x00000000e1080000,0x00000000e1d8a040,0x00000000e2b80000)
  to   space 27136K, 0% used [0x00000000e4d00000,0x00000000e4d00000,0x00000000e6780000)
 ParOldGen       total 371712K, used 163117K [0x0000000080000000, 0x0000000096b00000, 0x00000000d5580000)
  object space 371712K, 43% used [0x0000000080000000,0x0000000089f4b418,0x0000000096b00000)
 Metaspace       used 73087K, capacity 76408K, committed 76568K, reserved 1116160K
  class space    used 9849K, capacity 10479K, committed 10544K, reserved 1048576K
}
Event: 47.459 GC heap before
{Heap before GC invocations=24 (full 4):
 PSYoungGen      total 219136K, used 204158K [0x00000000d5580000, 0x00000000e6780000, 0x0000000100000000)
  eden space 191488K, 99% used [0x00000000d5580000,0x00000000e0fd58f8,0x00000000e1080000)
  from space 27648K, 48% used [0x00000000e1080000,0x00000000e1d8a040,0x00000000e2b80000)
  to   space 27136K, 0% used [0x00000000e4d00000,0x00000000e4d00000,0x00000000e6780000)
 ParOldGen       total 371712K, used 163117K [0x0000000080000000, 0x0000000096b00000, 0x00000000d5580000)
  object space 371712K, 43% used [0x0000000080000000,0x0000000089f4b418,0x0000000096b00000)
 Metaspace       used 79091K, capacity 82560K, committed 82712K, reserved 1120256K
  class space    used 10595K, capacity 11242K, committed 11312K, reserved 1048576K
Event: 47.475 GC heap after
Heap after GC invocations=24 (full 4):
 PSYoungGen      total 242176K, used 13628K [0x00000000d5580000, 0x00000000e6180000, 0x0000000100000000)
  eden space 221184K, 0% used [0x00000000d5580000,0x00000000d5580000,0x00000000e2d80000)
  from space 20992K, 64% used [0x00000000e4d00000,0x00000000e5a4f250,0x00000000e6180000)
  to   space 26624K, 0% used [0x00000000e2d80000,0x00000000e2d80000,0x00000000e4780000)
 ParOldGen       total 371712K, used 163125K [0x0000000080000000, 0x0000000096b00000, 0x00000000d5580000)
  object space 371712K, 43% used [0x0000000080000000,0x0000000089f4d418,0x0000000096b00000)
 Metaspace       used 79091K, capacity 82560K, committed 82712K, reserved 1120256K
  class space    used 10595K, capacity 11242K, committed 11312K, reserved 1048576K
}
Event: 52.177 GC heap before
{Heap before GC invocations=25 (full 4):
 PSYoungGen      total 242176K, used 234197K [0x00000000d5580000, 0x00000000e6180000, 0x0000000100000000)
  eden space 221184K, 99% used [0x00000000d5580000,0x00000000e2ce6348,0x00000000e2d80000)
  from space 20992K, 64% used [0x00000000e4d00000,0x00000000e5a4f250,0x00000000e6180000)
  to   space 26624K, 0% used [0x00000000e2d80000,0x00000000e2d80000,0x00000000e4780000)
 ParOldGen       total 371712K, used 163125K [0x0000000080000000, 0x0000000096b00000, 0x00000000d5580000)
  object space 371712K, 43% used [0x0000000080000000,0x0000000089f4d418,0x0000000096b00000)
 Metaspace       used 91599K, capacity 97202K, committed 97560K, reserved 1132544K
  class space    used 12417K, capacity 13489K, committed 13616K, reserved 1048576K
Event: 52.740 GC heap after
Heap after GC invocations=25 (full 4):
 PSYoungGen      total 247808K, used 26602K [0x00000000d5580000, 0x00000000e9980000, 0x0000000100000000)
  eden space 221184K, 0% used [0x00000000d5580000,0x00000000d5580000,0x00000000e2d80000)
  from space 26624K, 99% used [0x00000000e2d80000,0x00000000e477ab18,0x00000000e4780000)
  to   space 33792K, 0% used [0x00000000e7880000,0x00000000e7880000,0x00000000e9980000)
 ParOldGen       total 371712K, used 170981K [0x0000000080000000, 0x0000000096b00000, 0x00000000d5580000)
  object space 371712K, 45% used [0x0000000080000000,0x000000008a6f9500,0x0000000096b00000)
 Metaspace       used 91599K, capacity 97202K, committed 97560K, reserved 1132544K
  class space    used 12417K, capacity 13489K, committed 13616K, reserved 1048576K
}
Event: 55.932 GC heap before
{Heap before GC invocations=26 (full 4):
 PSYoungGen      total 247808K, used 246739K [0x00000000d5580000, 0x00000000e9980000, 0x0000000100000000)
  eden space 221184K, 99% used [0x00000000d5580000,0x00000000e2c7a300,0x00000000e2d80000)
  from space 26624K, 99% used [0x00000000e2d80000,0x00000000e477ab18,0x00000000e4780000)
  to   space 33792K, 0% used [0x00000000e7880000,0x00000000e7880000,0x00000000e9980000)
 ParOldGen       total 371712K, used 175075K [0x0000000080000000, 0x0000000096b00000, 0x00000000d5580000)
  object space 371712K, 47% used [0x0000000080000000,0x000000008aaf8c38,0x0000000096b00000)
 Metaspace       used 93411K, capacity 99344K, committed 99608K, reserved 1134592K
  class space    used 12673K, capacity 13804K, committed 13872K, reserved 1048576K
Event: 55.976 GC heap after
Heap after GC invocations=26 (full 4):
 PSYoungGen      total 284672K, used 11647K [0x00000000d5580000, 0x00000000e9100000, 0x0000000100000000)
  eden space 259584K, 0% used [0x00000000d5580000,0x00000000d5580000,0x00000000e5300000)
  from space 25088K, 46% used [0x00000000e7880000,0x00000000e83dfc58,0x00000000e9100000)
  to   space 31744K, 0% used [0x00000000e5300000,0x00000000e5300000,0x00000000e7200000)
 ParOldGen       total 371712K, used 185012K [0x0000000080000000, 0x0000000096b00000, 0x00000000d5580000)
  object space 371712K, 49% used [0x0000000080000000,0x000000008b4ad208,0x0000000096b00000)
 Metaspace       used 93411K, capacity 99344K, committed 99608K, reserved 1134592K
  class space    used 12673K, capacity 13804K, committed 13872K, reserved 1048576K
}
Event: 4106.198 GC heap before
{Heap before GC invocations=27 (full 4):
 PSYoungGen      total 284672K, used 271231K [0x00000000d5580000, 0x00000000e9100000, 0x0000000100000000)
  eden space 259584K, 100% used [0x00000000d5580000,0x00000000e5300000,0x00000000e5300000)
  from space 25088K, 46% used [0x00000000e7880000,0x00000000e83dfc58,0x00000000e9100000)
  to   space 31744K, 0% used [0x00000000e5300000,0x00000000e5300000,0x00000000e7200000)
 ParOldGen       total 371712K, used 185016K [0x0000000080000000, 0x0000000096b00000, 0x00000000d5580000)
  object space 371712K, 49% used [0x0000000080000000,0x000000008b4ae308,0x0000000096b00000)
 Metaspace       used 97879K, capacity 103880K, committed 103960K, reserved 1138688K
  class space    used 12969K, capacity 14082K, committed 14128K, reserved 1048576K
Event: 4106.632 GC heap after
Heap after GC invocations=27 (full 4):
 PSYoungGen      total 291328K, used 23937K [0x00000000d5580000, 0x00000000ebb00000, 0x0000000100000000)
  eden space 259584K, 0% used [0x00000000d5580000,0x00000000d5580000,0x00000000e5300000)
  from space 31744K, 75% used [0x00000000e5300000,0x00000000e6a60578,0x00000000e7200000)
  to   space 34304K, 0% used [0x00000000e9980000,0x00000000e9980000,0x00000000ebb00000)
 ParOldGen       total 371712K, used 185024K [0x0000000080000000, 0x0000000096b00000, 0x00000000d5580000)
  object space 371712K, 49% used [0x0000000080000000,0x000000008b4b0308,0x0000000096b00000)
 Metaspace       used 97879K, capacity 103880K, committed 103960K, reserved 1138688K
  class space    used 12969K, capacity 14082K, committed 14128K, reserved 1048576K
}

